<?xml version="1.0" encoding="UTF-8"?>
<!-- Generated by org.testng.reporters.JUnitReportReporter -->
<testsuite skipped="0" hostname="oc2020500112-ibm-com" name="TestNG.addbook" tests="1" failures="0" timestamp="21 Sep 2019 09:47:24 GMT" time="9.182" errors="0">
  <testcase name="verifyaddbook" time="9.182" classname="TestNG.addbook"/>
</testsuite> <!-- TestNG.addbook -->
